<?xml version="1.0" encoding="UTF-8"?>
<testng-results skipped="0" failed="0" ignored="2" total="3" passed="1">
  <reporter-output>
  </reporter-output>
  <suite name="Default suite" duration-ms="19552" started-at="2018-10-21T05:23:41Z" finished-at="2018-10-21T05:24:01Z">
    <groups>
    </groups>
    <test name="Default test" duration-ms="19552" started-at="2018-10-21T05:23:41Z" finished-at="2018-10-21T05:24:01Z">
      <class name="com.crm.qa.testcases.HomePageTest">
        <test-method status="PASS" signature="setUp()[pri:0, instance:com.crm.qa.testcases.HomePageTest@53b32d7]" name="setUp" is-config="true" duration-ms="16680" started-at="2018-10-21T05:23:41Z" finished-at="2018-10-21T05:23:58Z">
          <reporter-output>
          </reporter-output>
        </test-method> <!-- setUp -->
        <test-method status="PASS" signature="verifyContactsLinkTest()[pri:3, instance:com.crm.qa.testcases.HomePageTest@53b32d7]" name="verifyContactsLinkTest" duration-ms="2505" started-at="2018-10-21T05:23:58Z" finished-at="2018-10-21T05:24:00Z">
          <reporter-output>
          </reporter-output>
        </test-method> <!-- verifyContactsLinkTest -->
        <test-method status="PASS" signature="tearDown()[pri:0, instance:com.crm.qa.testcases.HomePageTest@53b32d7]" name="tearDown" is-config="true" duration-ms="331" started-at="2018-10-21T05:24:00Z" finished-at="2018-10-21T05:24:01Z">
          <reporter-output>
          </reporter-output>
        </test-method> <!-- tearDown -->
      </class> <!-- com.crm.qa.testcases.HomePageTest -->
    </test> <!-- Default test -->
  </suite> <!-- Default suite -->
</testng-results>
